Arguments: 
  C:\Program Files\nodejs\node.exe C:\Users\Kriti's-PC\AppData\Roaming\npm\node_modules\yarn\bin\yarn.js add axios

PATH: 
  C:\Program Files\Common Files\Oracle\Java\javapath;C:\Windows\system32;C:\Windows;C:\Windows\System32\Wbem;C:\Windows\System32\WindowsPowerShell\v1.0\;C:\Windows\System32\OpenSSH\;C:\MinGW\bin;C:\Program Files\nodejs\;C:\ProgramData\chocolatey\bin;C:\Program Files\Git\cmd;C:\Users\Kriti's-PC\AppData\Local\Programs\Microsoft VS Code\bin;C:\Users\Kriti's-PC\AppData\Roaming\npm;C:\xampp\php;C:\Users\Kriti's-PC\AppData\Local\GitHubDesktop\bin;C:\flutter\bin;C:\Users\Kriti's-PC\AppData\Local\Pub\Cache\bin;C:\Users\Kriti's-PC\.cache\firebase\tools\lib\node_modules;C:\Users\Kriti's-PC\AppData\Roaming\npm;C:\Program Files\Eclipse Adoptium\jdk-17.0.3.7-hotspot\bin;C:\Program Files\MongoDB\Server\6.0\bin;C:\xampp\mysql\bin;C:\Users\Kriti's-PC\Desktop\reactScrapper\ts\node_modules\typescript\bin;C:\Program Files\Java\jdk-18.0.1.1\bin;C:\Program Files\PostgreSQL\14\bin;D:\IntelliJ IDEA Community Edition 2022.2.2\bin;C:\Program Files\MySQL\MySQL Server 8.0\bin;C:\Users\Kriti's-PC\AppData\Local\JetBrains\Toolbox\scripts;

Yarn version: 
  1.22.19

Node version: 
  16.14.1

Platform: 
  win32 x64

Trace: 
  Error: EPERM: operation not permitted, unlink 'C:\Users\Kriti's-PC\Desktop\moviesFrontend\node_modules\esbuild-windows-64\esbuild.exe'

npm manifest: 
  {
    "name": "t",
    "private": true,
    "version": "0.0.0",
    "type": "module",
    "scripts": {
      "dev": "vite",
      "build": "tsc && vite build",
      "preview": "vite preview"
    },
    "dependencies": {
      "react": "^18.2.0",
      "react-dom": "^18.2.0"
    },
    "devDependencies": {
      "@types/react": "^18.0.24",
      "@types/react-dom": "^18.0.8",
      "@vitejs/plugin-react": "^2.2.0",
      "typescript": "^4.6.4",
      "vite": "^3.2.3"
    }
  }

yarn manifest: 
  No manifest

Lockfile: 
  No lockfile
